Using pre-set license
Built from '2022.3/release' branch; Version is '2022.3.20f1 (61c2feb0970d) revision 6406910'; Using compiler version '192829333'; Build Type 'Release'
OS: 'Windows 10  (10.0.19045) 64bit Professional' Language: 'fr' Physical Memory: 31934 MB
BatchMode: 1, IsHumanControllingUs: 0, StartBugReporterOnCrash: 0, Is64bit: 1, IsPro: 1

COMMAND LINE ARGUMENTS:
G:\JEUX\unity\2022.3.20f1\Editor\Unity.exe
-adb2
-batchMode
-noUpm
-name
AssetImportWorker4
-projectPath
G:/JEUX/unity/projets/CarteSpaciale
-logFile
Logs/AssetImportWorker4.log
-srvPort
62650
Successfully changed project path to: G:/JEUX/unity/projets/CarteSpaciale
G:/JEUX/unity/projets/CarteSpaciale
[UnityMemory] Configuration Parameters - Can be set up in boot.config
    "memorysetup-bucket-allocator-granularity=16"
    "memorysetup-bucket-allocator-bucket-count=8"
    "memorysetup-bucket-allocator-block-size=33554432"
    "memorysetup-bucket-allocator-block-count=8"
    "memorysetup-main-allocator-block-size=16777216"
    "memorysetup-thread-allocator-block-size=16777216"
    "memorysetup-gfx-main-allocator-block-size=16777216"
    "memorysetup-gfx-thread-allocator-block-size=16777216"
    "memorysetup-cache-allocator-block-size=4194304"
    "memorysetup-typetree-allocator-block-size=2097152"
    "memorysetup-profiler-bucket-allocator-granularity=16"
    "memorysetup-profiler-bucket-allocator-bucket-count=8"
    "memorysetup-profiler-bucket-allocator-block-size=33554432"
    "memorysetup-profiler-bucket-allocator-block-count=8"
    "memorysetup-profiler-allocator-block-size=16777216"
    "memorysetup-profiler-editor-allocator-block-size=1048576"
    "memorysetup-temp-allocator-size-main=16777216"
    "memorysetup-job-temp-allocator-block-size=2097152"
    "memorysetup-job-temp-allocator-block-size-background=1048576"
    "memorysetup-job-temp-allocator-reduction-small-platforms=262144"
    "memorysetup-allocator-temp-initial-block-size-main=262144"
    "memorysetup-allocator-temp-initial-block-size-worker=262144"
    "memorysetup-temp-allocator-size-background-worker=32768"
    "memorysetup-temp-allocator-size-job-worker=262144"
    "memorysetup-temp-allocator-size-preload-manager=33554432"
    "memorysetup-temp-allocator-size-nav-mesh-worker=65536"
    "memorysetup-temp-allocator-size-audio-worker=65536"
    "memorysetup-temp-allocator-size-cloud-worker=32768"
    "memorysetup-temp-allocator-size-gi-baking-worker=262144"
    "memorysetup-temp-allocator-size-gfx=262144"
Player connection [15548] Host "[IP] 192.168.1.121 [Port] 0 [Flags] 2 [Guid] 3838768957 [EditorId] 3838768957 [Version] 1048832 [Id] WindowsEditor(7,DESKTOP-HIACNLD) [Debug] 1 [PackageName] WindowsEditor [ProjectName] Editor" joined multi-casting on [225.0.0.222:54997]...

Player connection [15548] Host "[IP] 192.168.1.121 [Port] 0 [Flags] 2 [Guid] 3838768957 [EditorId] 3838768957 [Version] 1048832 [Id] WindowsEditor(7,DESKTOP-HIACNLD) [Debug] 1 [PackageName] WindowsEditor [ProjectName] Editor" joined alternative multi-casting on [225.0.0.222:34997]...

[Physics::Module] Initialized MultithreadedJobDispatcher with 11 workers.
Refreshing native plugins compatible for Editor in 3.21 ms, found 1 plugins.
Preloading 0 native plugins for Editor in 0.00 ms.
Initialize engine version: 2022.3.20f1 (61c2feb0970d)
[Subsystems] Discovering subsystems at path G:/JEUX/unity/2022.3.20f1/Editor/Data/Resources/UnitySubsystems
[Subsystems] Discovering subsystems at path G:/JEUX/unity/projets/CarteSpaciale/Assets
GfxDevice: creating device client; threaded=0; jobified=0
Direct3D:
    Version:  Direct3D 11.0 [level 11.1]
    Renderer: AMD Radeon RX 7900 GRE (ID=0x744c)
    Vendor:   ATI
    VRAM:     16319 MB
    Driver:   32.0.11027.2001
Initialize mono
Mono path[0] = 'G:/JEUX/unity/2022.3.20f1/Editor/Data/Managed'
Mono path[1] = 'G:/JEUX/unity/2022.3.20f1/Editor/Data/MonoBleedingEdge/lib/mono/unityjit-win32'
Mono config path = 'G:/JEUX/unity/2022.3.20f1/Editor/Data/MonoBleedingEdge/etc'
Using monoOptions --debugger-agent=transport=dt_socket,embedding=1,server=y,suspend=n,address=127.0.0.1:56640
Begin MonoManager ReloadAssembly
Registering precompiled unity dll's ...
Register platform support module: G:/JEUX/unity/2022.3.20f1/Editor/Data/PlaybackEngines/WebGLSupport/UnityEditor.WebGL.Extensions.dll
Register platform support module: G:/JEUX/unity/2022.3.20f1/Editor/Data/PlaybackEngines/WindowsStandaloneSupport/UnityEditor.WindowsStandalone.Extensions.dll
Registered in 0.003222 seconds.
- Loaded All Assemblies, in  0.195 seconds
Native extension for WindowsStandalone target not found
Native extension for WebGL target not found
Mono: successfully reloaded assembly
- Finished resetting the current domain, in  0.149 seconds
Domain Reload Profiling: 344ms
	BeginReloadAssembly (65ms)
		ExecutionOrderSort (0ms)
		DisableScriptedObjects (0ms)
		BackupInstance (0ms)
		ReleaseScriptingObjects (0ms)
		CreateAndSetChildDomain (0ms)
	RebuildCommonClasses (18ms)
	RebuildNativeTypeToScriptingClass (6ms)
	initialDomainReloadingComplete (29ms)
	LoadAllAssembliesAndSetupDomain (77ms)
		LoadAssemblies (65ms)
		RebuildTransferFunctionScriptingTraits (0ms)
		AnalyzeDomain (75ms)
			TypeCache.Refresh (74ms)
				TypeCache.ScanAssembly (67ms)
			ScanForSourceGeneratedMonoScriptInfo (0ms)
			ResolveRequiredComponents (0ms)
	FinalizeReload (149ms)
		ReleaseScriptCaches (0ms)
		RebuildScriptCaches (0ms)
		SetupLoadedEditorAssemblies (118ms)
			LogAssemblyErrors (0ms)
			InitializePlatformSupportModulesInManaged (5ms)
			SetLoadedEditorAssemblies (3ms)
			RefreshPlugins (0ms)
			BeforeProcessingInitializeOnLoad (1ms)
			ProcessInitializeOnLoadAttributes (82ms)
			ProcessInitializeOnLoadMethodAttributes (27ms)
			AfterProcessingInitializeOnLoad (0ms)
			EditorAssembliesLoaded (0ms)
		ExecutionOrderSort2 (0ms)
		AwakeInstancesAfterBackupRestoration (0ms)
========================================================================
Worker process is ready to serve import requests
Begin MonoManager ReloadAssembly
- Loaded All Assemblies, in  0.287 seconds
Refreshing native plugins compatible for Editor in 1.35 ms, found 1 plugins.
Native extension for WindowsStandalone target not found
Native extension for WebGL target not found
Mono: successfully reloaded assembly
- Finished resetting the current domain, in  0.230 seconds
Domain Reload Profiling: 518ms
	BeginReloadAssembly (90ms)
		ExecutionOrderSort (0ms)
		DisableScriptedObjects (3ms)
		BackupInstance (0ms)
		ReleaseScriptingObjects (0ms)
		CreateAndSetChildDomain (15ms)
	RebuildCommonClasses (18ms)
	RebuildNativeTypeToScriptingClass (6ms)
	initialDomainReloadingComplete (20ms)
	LoadAllAssembliesAndSetupDomain (151ms)
		LoadAssemblies (138ms)
		RebuildTransferFunctionScriptingTraits (0ms)
		AnalyzeDomain (68ms)
			TypeCache.Refresh (57ms)
				TypeCache.ScanAssembly (51ms)
			ScanForSourceGeneratedMonoScriptInfo (8ms)
			ResolveRequiredComponents (3ms)
	FinalizeReload (231ms)
		ReleaseScriptCaches (0ms)
		RebuildScriptCaches (0ms)
		SetupLoadedEditorAssemblies (151ms)
			LogAssemblyErrors (0ms)
			InitializePlatformSupportModulesInManaged (3ms)
			SetLoadedEditorAssemblies (2ms)
			RefreshPlugins (0ms)
			BeforeProcessingInitializeOnLoad (31ms)
			ProcessInitializeOnLoadAttributes (100ms)
			ProcessInitializeOnLoadMethodAttributes (13ms)
			AfterProcessingInitializeOnLoad (2ms)
			EditorAssembliesLoaded (0ms)
		ExecutionOrderSort2 (0ms)
		AwakeInstancesAfterBackupRestoration (5ms)
Launched and connected shader compiler UnityShaderCompiler.exe after 0.03 seconds
Refreshing native plugins compatible for Editor in 1.07 ms, found 1 plugins.
Preloading 0 native plugins for Editor in 0.00 ms.
Unloading 2789 Unused Serialized files (Serialized files now loaded: 0)
Unloading 24 unused Assets / (164.5 KB). Loaded Objects now: 3257.
Memory consumption went from 115.8 MB to 115.7 MB.
Total: 1.853800 ms (FindLiveObjects: 0.149300 ms CreateObjectMapping: 0.043200 ms MarkObjects: 1.570000 ms  DeleteObjects: 0.090500 ms)

AssetImportParameters requested are different than current active one (requested -> active):
  custom:video-decoder-webm-vp8: 9c59270c3fd7afecdb556c50c9e8de78 -> 
  custom:SearchIndexIgnoredProperties: e643bd26f0fe6173181afceb89e7c659 -> 
  custom:container-demuxer-ogg: 62fdf1f143b41e24485cea50d1cbac27 -> 
  custom:AudioImporter_EditorPlatform: d09bf68614088b80899f8185d706f6e7 -> 
  custom:scripting/monoscript/fileName/PlanetNoisePerlin.cs: 63b2d1fd20d4f6f2dce3d2de417fbdca -> 24db1249a92a4cd2fb709463f847f62d
  custom:scripting/monoscript/fileName/PlanetComponentEditor.cs: a0af17f3965439918530443cfde9dd0c -> bc0982797d5ada969d2e66fda954968f
  custom:video-decoder-ogg-theora: a1e56fd34408186e4bbccfd4996cb3dc -> 
  custom:framework-win-MediaFoundation: 216162199b28c13a410421893ffa2e32 -> 
  custom:scripting/monoscript/fileName/PlanetNoiseWorley.cs: c3edd77ec6de636eec56ced8ca2a0060 -> db9e9be48a783f29e4cb0a3aebb0d175
  custom:scripting/monoscript/fileName/PlanetNoiseGenerator.cs: 5da8aa7e08b4b44a488e7dc61d819b3d -> f777012fc65df1db87db1d69fe802085
  custom:video-encoder-webm-vp8: eb34c28f22e8b96e1ab97ce403110664 -> 
  custom:audio-decoder-ogg-vorbis: bf7c407c2cedff20999df2af8eb42d56 -> 
  custom:CustomObjectIndexerAttribute: 6d391050e5a25f67b0a2c618074f2cd9 -> 
  custom:container-demuxer-webm: 4f35f7cbe854078d1ac9338744f61a02 -> 
  custom:scripting/monoscript/fileName/PlanetAsset.cs: 1ff77bbb4410f98e256beaffc13ed05f -> 174d32e379ac82ba7ff23eab39d28153
  custom:audio-encoder-webm-vorbis: bf7c407c2cedff20999df2af8eb42d56 -> 
  custom:scripting/monoscript/fileName/PlanetPreviewWindow.cs: eb0498aff96ed0947180aa7407ed7c98 -> b238a405e94a0d6d5c8da30abc7f03de
  custom:scripting/monoscript/fileName/PlanetTextureGenerator.cs: ffcd99e6f3a6a90b182f51e550cc8b89 -> 62c842717db7bf3525bbc417a7dcf75b
  custom:container-muxer-webm: aa71ff27fc2769a1b78a27578f13a17b -> 
========================================================================
Received Import Request.
  Time since last request: 166891.470961 seconds.
  path: Assets/Textures/New PlanetAsset.asset
  artifactKey: Guid(ba5e39225d6357b4ab05dfac32611fbf) Importer(815301076,1909f56bfc062723c751e8b465ee728b)
Start importing Assets/Textures/New PlanetAsset.asset using Guid(ba5e39225d6357b4ab05dfac32611fbf) Importer(815301076,1909f56bfc062723c751e8b465ee728b)  -> (artifact id: '6de3be42b4536cf57923e71b7131a380') in 0.009247 seconds
Number of updated asset objects reloaded before import = 0
Number of asset objects unloaded after import = 1
========================================================================
Received Import Request.
  Time since last request: 9.203882 seconds.
  path: Assets/Textures/CloudMap.png
  artifactKey: Guid(f803fd3d19e10884982852946cc54db0) Importer(815301076,1909f56bfc062723c751e8b465ee728b)
Start importing Assets/Textures/CloudMap.png using Guid(f803fd3d19e10884982852946cc54db0) Importer(815301076,1909f56bfc062723c751e8b465ee728b)  -> (artifact id: '1dd766c05871ce15a6653139b95bf8b4') in 0.034034 seconds
Number of updated asset objects reloaded before import = 0
Number of asset objects unloaded after import = 2
========================================================================
Received Import Request.
  Time since last request: 99.196218 seconds.
  path: Assets/Textures/2k_mercury.jpg
  artifactKey: Guid(1c9bafcd9efa6904fb32d91f741e2344) Importer(815301076,1909f56bfc062723c751e8b465ee728b)
Start importing Assets/Textures/2k_mercury.jpg using Guid(1c9bafcd9efa6904fb32d91f741e2344) Importer(815301076,1909f56bfc062723c751e8b465ee728b)  -> (artifact id: '2b5a0536049e81a2473b814e2c232092') in 0.013438 seconds
Number of updated asset objects reloaded before import = 0
Number of asset objects unloaded after import = 2
========================================================================
Received Import Request.
  Time since last request: 150.062884 seconds.
  path: Assets/Textures/Alpine-EQUIRECTANGULAR-1-2048x1024.png
  artifactKey: Guid(8ca1e77eb0c6a9849a2248b836e9bfd0) Importer(815301076,1909f56bfc062723c751e8b465ee728b)
Start importing Assets/Textures/Alpine-EQUIRECTANGULAR-1-2048x1024.png using Guid(8ca1e77eb0c6a9849a2248b836e9bfd0) Importer(815301076,1909f56bfc062723c751e8b465ee728b)  -> (artifact id: '82a4a10cf110531243b77fe8adb7c958') in 0.014401 seconds
Number of updated asset objects reloaded before import = 0
Number of asset objects unloaded after import = 2
========================================================================
Received Import Request.
  Time since last request: 0.000017 seconds.
  path: Assets/Textures/Fungal-EQUIRECTANGULAR-13-2048x1024.png
  artifactKey: Guid(2dd9b5ea6c2ebbc49a23dac187b8c90b) Importer(815301076,1909f56bfc062723c751e8b465ee728b)
Start importing Assets/Textures/Fungal-EQUIRECTANGULAR-13-2048x1024.png using Guid(2dd9b5ea6c2ebbc49a23dac187b8c90b) Importer(815301076,1909f56bfc062723c751e8b465ee728b)  -> (artifact id: '95c8670995016f0431db9cef8a416317') in 0.012754 seconds
Number of updated asset objects reloaded before import = 0
Number of asset objects unloaded after import = 2
========================================================================
Received Import Request.
  Time since last request: 0.000021 seconds.
  path: Assets/Textures/Fungal-EQUIRECTANGULAR-19-2048x1024.png
  artifactKey: Guid(7bf2ae95f71a3c546bc2efca753805a8) Importer(815301076,1909f56bfc062723c751e8b465ee728b)
Start importing Assets/Textures/Fungal-EQUIRECTANGULAR-19-2048x1024.png using Guid(7bf2ae95f71a3c546bc2efca753805a8) Importer(815301076,1909f56bfc062723c751e8b465ee728b)  -> (artifact id: 'dd4e7d87a3bcd7703e6393f11a5b21b7') in 0.014101 seconds
Number of updated asset objects reloaded before import = 0
Number of asset objects unloaded after import = 2
========================================================================
Received Import Request.
  Time since last request: 0.000017 seconds.
  path: Assets/Textures/Ice-EQUIRECTANGULAR-11-2048x1024.png
  artifactKey: Guid(aaa85a6757a0f1c4983cf10e00861255) Importer(815301076,1909f56bfc062723c751e8b465ee728b)
Start importing Assets/Textures/Ice-EQUIRECTANGULAR-11-2048x1024.png using Guid(aaa85a6757a0f1c4983cf10e00861255) Importer(815301076,1909f56bfc062723c751e8b465ee728b)  -> (artifact id: '5ad5b24f2f48c3d5ad43a6e0fcb501f5') in 0.012157 seconds
Number of updated asset objects reloaded before import = 0
Number of asset objects unloaded after import = 2
========================================================================
Received Import Request.
  Time since last request: 0.000019 seconds.
  path: Assets/Textures/Ice-EQUIRECTANGULAR-14-2048x1024.png
  artifactKey: Guid(fc419841c2a5d2b4eb5491513409de38) Importer(815301076,1909f56bfc062723c751e8b465ee728b)
Start importing Assets/Textures/Ice-EQUIRECTANGULAR-14-2048x1024.png using Guid(fc419841c2a5d2b4eb5491513409de38) Importer(815301076,1909f56bfc062723c751e8b465ee728b)  -> (artifact id: '2af480b1685d30ade010b6d3410655f2') in 0.013482 seconds
Number of updated asset objects reloaded before import = 0
Number of asset objects unloaded after import = 2
========================================================================
Received Import Request.
  Time since last request: 0.000013 seconds.
  path: Assets/Textures/Fungal-EQUIRECTANGULAR-11-2048x1024.png
  artifactKey: Guid(307b82523dd882e46b3e5bcbad36fb62) Importer(815301076,1909f56bfc062723c751e8b465ee728b)
Start importing Assets/Textures/Fungal-EQUIRECTANGULAR-11-2048x1024.png using Guid(307b82523dd882e46b3e5bcbad36fb62) Importer(815301076,1909f56bfc062723c751e8b465ee728b)  -> (artifact id: '4fe6394e5b3856deed43b87d04e6cc3f') in 0.012974 seconds
Number of updated asset objects reloaded before import = 0
Number of asset objects unloaded after import = 2
========================================================================
Received Import Request.
  Time since last request: 0.000011 seconds.
  path: Assets/Textures/Gas Giant-EQUIRECTANGULAR-5-2048x1024.png
  artifactKey: Guid(4c710ed584b94df4ab6e2e7fb2d66b2d) Importer(815301076,1909f56bfc062723c751e8b465ee728b)
Start importing Assets/Textures/Gas Giant-EQUIRECTANGULAR-5-2048x1024.png using Guid(4c710ed584b94df4ab6e2e7fb2d66b2d) Importer(815301076,1909f56bfc062723c751e8b465ee728b)  -> (artifact id: 'b59d304349ef3ee184bb500778eae365') in 0.011901 seconds
Number of updated asset objects reloaded before import = 0
Number of asset objects unloaded after import = 2
========================================================================
Received Import Request.
  Time since last request: 0.000013 seconds.
  path: Assets/Textures/Fungal-EQUIRECTANGULAR-6-2048x1024.png
  artifactKey: Guid(32c174f2217a7d948b007fb6bcb4f4fd) Importer(815301076,1909f56bfc062723c751e8b465ee728b)
Start importing Assets/Textures/Fungal-EQUIRECTANGULAR-6-2048x1024.png using Guid(32c174f2217a7d948b007fb6bcb4f4fd) Importer(815301076,1909f56bfc062723c751e8b465ee728b)  -> (artifact id: '56d9fd72612ca73ede2c351d60af2606') in 0.012902 seconds
Number of updated asset objects reloaded before import = 0
Number of asset objects unloaded after import = 2
========================================================================
Received Import Request.
  Time since last request: 0.000012 seconds.
  path: Assets/Textures/Fungal-EQUIRECTANGULAR-1-2048x1024.png
  artifactKey: Guid(02614d7e1769ca243a8304ab794bce1e) Importer(815301076,1909f56bfc062723c751e8b465ee728b)
Start importing Assets/Textures/Fungal-EQUIRECTANGULAR-1-2048x1024.png using Guid(02614d7e1769ca243a8304ab794bce1e) Importer(815301076,1909f56bfc062723c751e8b465ee728b)  -> (artifact id: 'f18a07a97c69eb34f1a302a2864a2e8f') in 0.012079 seconds
Number of updated asset objects reloaded before import = 0
Number of asset objects unloaded after import = 2
========================================================================
Received Import Request.
  Time since last request: 0.000012 seconds.
  path: Assets/Textures/Fungal-EQUIRECTANGULAR-2-2048x1024.png
  artifactKey: Guid(d13fff88ab63c2344a5353457677b626) Importer(815301076,1909f56bfc062723c751e8b465ee728b)
Start importing Assets/Textures/Fungal-EQUIRECTANGULAR-2-2048x1024.png using Guid(d13fff88ab63c2344a5353457677b626) Importer(815301076,1909f56bfc062723c751e8b465ee728b)  -> (artifact id: '2efd18bc653a8fbd47f6b05568e18f43') in 0.012319 seconds
Number of updated asset objects reloaded before import = 0
Number of asset objects unloaded after import = 2
========================================================================
Received Import Request.
  Time since last request: 0.000013 seconds.
  path: Assets/Textures/Gas Giant-EQUIRECTANGULAR-12-2048x1024.png
  artifactKey: Guid(47dac25c6fa16ee45a95a5baec9c23ab) Importer(815301076,1909f56bfc062723c751e8b465ee728b)
Start importing Assets/Textures/Gas Giant-EQUIRECTANGULAR-12-2048x1024.png using Guid(47dac25c6fa16ee45a95a5baec9c23ab) Importer(815301076,1909f56bfc062723c751e8b465ee728b)  -> (artifact id: 'f95121f2e2ee5762479f6240d01141f0') in 0.011465 seconds
Number of updated asset objects reloaded before import = 0
Number of asset objects unloaded after import = 2
========================================================================
Received Import Request.
  Time since last request: 0.000012 seconds.
  path: Assets/Textures/Alpine-EQUIRECTANGULAR-11-2048x1024.png
  artifactKey: Guid(b48d7348b2cc1204d8e515e87702b5f6) Importer(815301076,1909f56bfc062723c751e8b465ee728b)
Start importing Assets/Textures/Alpine-EQUIRECTANGULAR-11-2048x1024.png using Guid(b48d7348b2cc1204d8e515e87702b5f6) Importer(815301076,1909f56bfc062723c751e8b465ee728b)  -> (artifact id: 'f1f381820c354f0657ed3c67a953c837') in 0.012961 seconds
Number of updated asset objects reloaded before import = 0
Number of asset objects unloaded after import = 2
========================================================================
Received Import Request.
  Time since last request: 0.000015 seconds.
  path: Assets/Textures/Ice-EQUIRECTANGULAR-17-2048x1024.png
  artifactKey: Guid(7850dedc72fe29e43856f09969075eab) Importer(815301076,1909f56bfc062723c751e8b465ee728b)
Start importing Assets/Textures/Ice-EQUIRECTANGULAR-17-2048x1024.png using Guid(7850dedc72fe29e43856f09969075eab) Importer(815301076,1909f56bfc062723c751e8b465ee728b)  -> (artifact id: '17ce407fdcfa5375941f2297a1259433') in 0.013656 seconds
Number of updated asset objects reloaded before import = 0
Number of asset objects unloaded after import = 2
========================================================================
Received Import Request.
  Time since last request: 0.000014 seconds.
  path: Assets/Textures/Gas Giant-EQUIRECTANGULAR-1-2048x1024.png
  artifactKey: Guid(2cedd1570532b724fa793c869f0f8513) Importer(815301076,1909f56bfc062723c751e8b465ee728b)
Start importing Assets/Textures/Gas Giant-EQUIRECTANGULAR-1-2048x1024.png using Guid(2cedd1570532b724fa793c869f0f8513) Importer(815301076,1909f56bfc062723c751e8b465ee728b)  -> (artifact id: '30c5d4b40346a94d99137955431dba15') in 0.012177 seconds
Number of updated asset objects reloaded before import = 0
Number of asset objects unloaded after import = 2
========================================================================
Received Import Request.
  Time since last request: 0.000012 seconds.
  path: Assets/Textures/Ice-EQUIRECTANGULAR-13-2048x1024.png
  artifactKey: Guid(dacda94ab46bfb3419409775d6514ab6) Importer(815301076,1909f56bfc062723c751e8b465ee728b)
Start importing Assets/Textures/Ice-EQUIRECTANGULAR-13-2048x1024.png using Guid(dacda94ab46bfb3419409775d6514ab6) Importer(815301076,1909f56bfc062723c751e8b465ee728b)  -> (artifact id: 'd9d38a94cb6b002fb7c1cd0e856e6e26') in 0.012413 seconds
Number of updated asset objects reloaded before import = 0
Number of asset objects unloaded after import = 2
========================================================================
Received Import Request.
  Time since last request: 0.000011 seconds.
  path: Assets/Textures/Alpine-EQUIRECTANGULAR-20-2048x1024.png
  artifactKey: Guid(7193675ffa8b61648a89c430f1b444f7) Importer(815301076,1909f56bfc062723c751e8b465ee728b)
Start importing Assets/Textures/Alpine-EQUIRECTANGULAR-20-2048x1024.png using Guid(7193675ffa8b61648a89c430f1b444f7) Importer(815301076,1909f56bfc062723c751e8b465ee728b)  -> (artifact id: 'e1de475c0b3fbb772a9164757ae2ccb0') in 0.011583 seconds
Number of updated asset objects reloaded before import = 0
Number of asset objects unloaded after import = 2
========================================================================
Received Import Request.
  Time since last request: 0.000014 seconds.
  path: Assets/Textures/Gas Giant-EQUIRECTANGULAR-9-2048x1024.png
  artifactKey: Guid(e5e8910606eda7a4e8da480ec0df5a55) Importer(815301076,1909f56bfc062723c751e8b465ee728b)
Start importing Assets/Textures/Gas Giant-EQUIRECTANGULAR-9-2048x1024.png using Guid(e5e8910606eda7a4e8da480ec0df5a55) Importer(815301076,1909f56bfc062723c751e8b465ee728b)  -> (artifact id: 'cde8030e21c351d3c82e43d3b90f6328') in 0.010784 seconds
Number of updated asset objects reloaded before import = 0
Number of asset objects unloaded after import = 2
========================================================================
Received Import Request.
  Time since last request: 0.000016 seconds.
  path: Assets/Textures/Gas Giant-EQUIRECTANGULAR-6-2048x1024.png
  artifactKey: Guid(3e8a8feb8985c1949ab3522ec91bc1ad) Importer(815301076,1909f56bfc062723c751e8b465ee728b)
Start importing Assets/Textures/Gas Giant-EQUIRECTANGULAR-6-2048x1024.png using Guid(3e8a8feb8985c1949ab3522ec91bc1ad) Importer(815301076,1909f56bfc062723c751e8b465ee728b)  -> (artifact id: '0732ea26ca1986d3b2a0c9b40a291534') in 0.013160 seconds
Number of updated asset objects reloaded before import = 0
Number of asset objects unloaded after import = 2
========================================================================
Received Import Request.
  Time since last request: 0.000015 seconds.
  path: Assets/Textures/Ice-EQUIRECTANGULAR-12-2048x1024.png
  artifactKey: Guid(aa81465ca717edf40949ce63bdd77254) Importer(815301076,1909f56bfc062723c751e8b465ee728b)
Start importing Assets/Textures/Ice-EQUIRECTANGULAR-12-2048x1024.png using Guid(aa81465ca717edf40949ce63bdd77254) Importer(815301076,1909f56bfc062723c751e8b465ee728b)  -> (artifact id: 'b45fe19dfd71341a35f1af91cc602786') in 0.012120 seconds
Number of updated asset objects reloaded before import = 0
Number of asset objects unloaded after import = 2
========================================================================
Received Import Request.
  Time since last request: 0.000012 seconds.
  path: Assets/Textures/Ice-EQUIRECTANGULAR-9-2048x1024.png
  artifactKey: Guid(bc0c9cf107812c74c947fd5014e82cd8) Importer(815301076,1909f56bfc062723c751e8b465ee728b)
Start importing Assets/Textures/Ice-EQUIRECTANGULAR-9-2048x1024.png using Guid(bc0c9cf107812c74c947fd5014e82cd8) Importer(815301076,1909f56bfc062723c751e8b465ee728b)  -> (artifact id: 'f067a0103eac7ae31e6e349dffe0dcc6') in 0.011951 seconds
Number of updated asset objects reloaded before import = 0
Number of asset objects unloaded after import = 2
========================================================================
Received Import Request.
  Time since last request: 0.000023 seconds.
  path: Assets/Textures/Alpine-EQUIRECTANGULAR-19-2048x1024.png
  artifactKey: Guid(01eca463fc80e2e43b4000f0b15d9a4e) Importer(815301076,1909f56bfc062723c751e8b465ee728b)
Start importing Assets/Textures/Alpine-EQUIRECTANGULAR-19-2048x1024.png using Guid(01eca463fc80e2e43b4000f0b15d9a4e) Importer(815301076,1909f56bfc062723c751e8b465ee728b)  -> (artifact id: '8308141f15f0d2742ed9d120ba083474') in 0.012413 seconds
Number of updated asset objects reloaded before import = 0
Number of asset objects unloaded after import = 2
========================================================================
Received Import Request.
  Time since last request: 0.000018 seconds.
  path: Assets/Textures/Gas Giant-EQUIRECTANGULAR-4-2048x1024.png
  artifactKey: Guid(9d430d94c54c78549913002bdf8979d4) Importer(815301076,1909f56bfc062723c751e8b465ee728b)
Start importing Assets/Textures/Gas Giant-EQUIRECTANGULAR-4-2048x1024.png using Guid(9d430d94c54c78549913002bdf8979d4) Importer(815301076,1909f56bfc062723c751e8b465ee728b)  -> (artifact id: '0233efd08d043cbeeb93b4eb74f2d246') in 0.013744 seconds
Number of updated asset objects reloaded before import = 0
Number of asset objects unloaded after import = 2
========================================================================
Received Import Request.
  Time since last request: 0.000015 seconds.
  path: Assets/Textures/Alpine-EQUIRECTANGULAR-4-2048x1024.png
  artifactKey: Guid(8ee31a17dd983b944b19df5efc6b746c) Importer(815301076,1909f56bfc062723c751e8b465ee728b)
Start importing Assets/Textures/Alpine-EQUIRECTANGULAR-4-2048x1024.png using Guid(8ee31a17dd983b944b19df5efc6b746c) Importer(815301076,1909f56bfc062723c751e8b465ee728b)  -> (artifact id: '927979636c8fae2543befd232bd643f3') in 0.013477 seconds
Number of updated asset objects reloaded before import = 0
Number of asset objects unloaded after import = 2
========================================================================
Received Import Request.
  Time since last request: 0.000012 seconds.
  path: Assets/Textures/Ice-EQUIRECTANGULAR-16-2048x1024.png
  artifactKey: Guid(abacf796bdea28c48a9c49fac6a9ff63) Importer(815301076,1909f56bfc062723c751e8b465ee728b)
Start importing Assets/Textures/Ice-EQUIRECTANGULAR-16-2048x1024.png using Guid(abacf796bdea28c48a9c49fac6a9ff63) Importer(815301076,1909f56bfc062723c751e8b465ee728b)  -> (artifact id: '7de20a500bf546dd30896d9be415f438') in 0.012903 seconds
Number of updated asset objects reloaded before import = 0
Number of asset objects unloaded after import = 2
========================================================================
Received Import Request.
  Time since last request: 0.000010 seconds.
  path: Assets/Textures/Alpine-EQUIRECTANGULAR-10-2048x1024.png
  artifactKey: Guid(f174e470a6f1fb749b2870a9ec5cc742) Importer(815301076,1909f56bfc062723c751e8b465ee728b)
Start importing Assets/Textures/Alpine-EQUIRECTANGULAR-10-2048x1024.png using Guid(f174e470a6f1fb749b2870a9ec5cc742) Importer(815301076,1909f56bfc062723c751e8b465ee728b)  -> (artifact id: '7ee3de8d5aa93d35b232973232a6dbbe') in 0.012418 seconds
Number of updated asset objects reloaded before import = 0
Number of asset objects unloaded after import = 2
========================================================================
Received Import Request.
  Time since last request: 0.000016 seconds.
  path: Assets/Textures/Ice-EQUIRECTANGULAR-20-2048x1024.png
  artifactKey: Guid(07fedc46421789843987c69217cbf728) Importer(815301076,1909f56bfc062723c751e8b465ee728b)
Start importing Assets/Textures/Ice-EQUIRECTANGULAR-20-2048x1024.png using Guid(07fedc46421789843987c69217cbf728) Importer(815301076,1909f56bfc062723c751e8b465ee728b)  -> (artifact id: '31a363c6059c60d0e12da416f5532cc8') in 0.012742 seconds
Number of updated asset objects reloaded before import = 0
Number of asset objects unloaded after import = 2
========================================================================
Received Import Request.
  Time since last request: 0.000012 seconds.
  path: Assets/Textures/Fungal-EQUIRECTANGULAR-18-2048x1024.png
  artifactKey: Guid(c138e92f968a66a40963dd5454e5ab0d) Importer(815301076,1909f56bfc062723c751e8b465ee728b)
Start importing Assets/Textures/Fungal-EQUIRECTANGULAR-18-2048x1024.png using Guid(c138e92f968a66a40963dd5454e5ab0d) Importer(815301076,1909f56bfc062723c751e8b465ee728b)  -> (artifact id: 'b965b811a782622261b315514437fe52') in 0.012558 seconds
Number of updated asset objects reloaded before import = 0
Number of asset objects unloaded after import = 2
========================================================================
Received Import Request.
  Time since last request: 0.000011 seconds.
  path: Assets/Textures/Fungal-EQUIRECTANGULAR-7-2048x1024.png
  artifactKey: Guid(baac50e9611c5fd4381fee1429cfb88b) Importer(815301076,1909f56bfc062723c751e8b465ee728b)
Start importing Assets/Textures/Fungal-EQUIRECTANGULAR-7-2048x1024.png using Guid(baac50e9611c5fd4381fee1429cfb88b) Importer(815301076,1909f56bfc062723c751e8b465ee728b)  -> (artifact id: '50655ec477aeb9daa6eca5d4779e9b6b') in 0.013503 seconds
Number of updated asset objects reloaded before import = 0
Number of asset objects unloaded after import = 2
========================================================================
Received Import Request.
  Time since last request: 0.000018 seconds.
  path: Assets/Textures/Gas Giant-EQUIRECTANGULAR-8-2048x1024.png
  artifactKey: Guid(a365a28bd142ca048943343c1c9af6bc) Importer(815301076,1909f56bfc062723c751e8b465ee728b)
Start importing Assets/Textures/Gas Giant-EQUIRECTANGULAR-8-2048x1024.png using Guid(a365a28bd142ca048943343c1c9af6bc) Importer(815301076,1909f56bfc062723c751e8b465ee728b)  -> (artifact id: '2f75eba5ca814724074254586b77d08f') in 0.012732 seconds
Number of updated asset objects reloaded before import = 0
Number of asset objects unloaded after import = 2
========================================================================
Received Import Request.
  Time since last request: 0.000017 seconds.
  path: Assets/Textures/Gas Giant-EQUIRECTANGULAR-16-2048x1024.png
  artifactKey: Guid(942338bf1d969a8488af1bcee2d1cb41) Importer(815301076,1909f56bfc062723c751e8b465ee728b)
Start importing Assets/Textures/Gas Giant-EQUIRECTANGULAR-16-2048x1024.png using Guid(942338bf1d969a8488af1bcee2d1cb41) Importer(815301076,1909f56bfc062723c751e8b465ee728b)  -> (artifact id: '3357b0c9836f753b62d033cddbc2baed') in 0.012936 seconds
Number of updated asset objects reloaded before import = 0
Number of asset objects unloaded after import = 2
========================================================================
Received Import Request.
  Time since last request: 0.000016 seconds.
  path: Assets/Textures/Alpine-EQUIRECTANGULAR-5-2048x1024.png
  artifactKey: Guid(b29540b8ad1611442840c84f33adbbdb) Importer(815301076,1909f56bfc062723c751e8b465ee728b)
Start importing Assets/Textures/Alpine-EQUIRECTANGULAR-5-2048x1024.png using Guid(b29540b8ad1611442840c84f33adbbdb) Importer(815301076,1909f56bfc062723c751e8b465ee728b)  -> (artifact id: '5cb26bc01ddd726cdbaad661dc56e4d0') in 0.014358 seconds
Number of updated asset objects reloaded before import = 0
Number of asset objects unloaded after import = 2
========================================================================
Received Import Request.
  Time since last request: 0.000013 seconds.
  path: Assets/Textures/Fungal-EQUIRECTANGULAR-9-2048x1024.png
  artifactKey: Guid(25afe23ffea39dc418677eb5f26f000a) Importer(815301076,1909f56bfc062723c751e8b465ee728b)
Start importing Assets/Textures/Fungal-EQUIRECTANGULAR-9-2048x1024.png using Guid(25afe23ffea39dc418677eb5f26f000a) Importer(815301076,1909f56bfc062723c751e8b465ee728b)  -> (artifact id: 'cb5aa40093a71c7c2d89001b535edc24') in 0.011871 seconds
Number of updated asset objects reloaded before import = 0
Number of asset objects unloaded after import = 2
========================================================================
Received Import Request.
  Time since last request: 0.000013 seconds.
  path: Assets/Textures/Gas Giant-EQUIRECTANGULAR-2-2048x1024.png
  artifactKey: Guid(849005b2a79ebe445a430bdf49d84467) Importer(815301076,1909f56bfc062723c751e8b465ee728b)
Start importing Assets/Textures/Gas Giant-EQUIRECTANGULAR-2-2048x1024.png using Guid(849005b2a79ebe445a430bdf49d84467) Importer(815301076,1909f56bfc062723c751e8b465ee728b)  -> (artifact id: '10a60ac61d7753429bca8752926cf4e7') in 0.013273 seconds
Number of updated asset objects reloaded before import = 0
Number of asset objects unloaded after import = 2
========================================================================
Received Import Request.
  Time since last request: 0.000014 seconds.
  path: Assets/Textures/Gas Giant-EQUIRECTANGULAR-13-2048x1024.png
  artifactKey: Guid(342410459381f1444a53ce2d9a08b34a) Importer(815301076,1909f56bfc062723c751e8b465ee728b)
Start importing Assets/Textures/Gas Giant-EQUIRECTANGULAR-13-2048x1024.png using Guid(342410459381f1444a53ce2d9a08b34a) Importer(815301076,1909f56bfc062723c751e8b465ee728b)  -> (artifact id: 'd51e8801f3665b38c854bd939630b201') in 0.012742 seconds
Number of updated asset objects reloaded before import = 0
Number of asset objects unloaded after import = 2
========================================================================
Received Import Request.
  Time since last request: 0.000013 seconds.
  path: Assets/Textures/Gas Giant-EQUIRECTANGULAR-19-2048x1024.png
  artifactKey: Guid(63b71f8f2250c714a9b39f066bf76605) Importer(815301076,1909f56bfc062723c751e8b465ee728b)
Start importing Assets/Textures/Gas Giant-EQUIRECTANGULAR-19-2048x1024.png using Guid(63b71f8f2250c714a9b39f066bf76605) Importer(815301076,1909f56bfc062723c751e8b465ee728b)  -> (artifact id: 'bc7ce0a39e771975a2fa4d71f06cb1d9') in 0.012779 seconds
Number of updated asset objects reloaded before import = 0
Number of asset objects unloaded after import = 2
========================================================================
Received Import Request.
  Time since last request: 0.000011 seconds.
  path: Assets/Textures/Ice-EQUIRECTANGULAR-4-2048x1024.png
  artifactKey: Guid(fc3517620c934ac4bbe5226ad58e11a7) Importer(815301076,1909f56bfc062723c751e8b465ee728b)
Start importing Assets/Textures/Ice-EQUIRECTANGULAR-4-2048x1024.png using Guid(fc3517620c934ac4bbe5226ad58e11a7) Importer(815301076,1909f56bfc062723c751e8b465ee728b)  -> (artifact id: '0d6e5cd03cb039b70b06c3a1a78a8e04') in 0.012445 seconds
Number of updated asset objects reloaded before import = 0
Number of asset objects unloaded after import = 2
========================================================================
Received Import Request.
  Time since last request: 0.000014 seconds.
  path: Assets/Textures/Alpine-EQUIRECTANGULAR-12-2048x1024.png
  artifactKey: Guid(fa877c9639cc8654384e479ebb7b36a5) Importer(815301076,1909f56bfc062723c751e8b465ee728b)
Start importing Assets/Textures/Alpine-EQUIRECTANGULAR-12-2048x1024.png using Guid(fa877c9639cc8654384e479ebb7b36a5) Importer(815301076,1909f56bfc062723c751e8b465ee728b)  -> (artifact id: 'e7c34ce4204eb40872b0c044337f7aa4') in 0.013275 seconds
Number of updated asset objects reloaded before import = 0
Number of asset objects unloaded after import = 2
========================================================================
Received Import Request.
  Time since last request: 0.000021 seconds.
  path: Assets/Textures/Ice-EQUIRECTANGULAR-5-2048x1024.png
  artifactKey: Guid(4d2358bdb2a610e4a8ca5b68124b1a7e) Importer(815301076,1909f56bfc062723c751e8b465ee728b)
Start importing Assets/Textures/Ice-EQUIRECTANGULAR-5-2048x1024.png using Guid(4d2358bdb2a610e4a8ca5b68124b1a7e) Importer(815301076,1909f56bfc062723c751e8b465ee728b)  -> (artifact id: '260869358b6b06bb2890c0d89585e936') in 0.013367 seconds
Number of updated asset objects reloaded before import = 0
Number of asset objects unloaded after import = 2
========================================================================
Received Import Request.
  Time since last request: 0.000014 seconds.
  path: Assets/Textures/Fungal-EQUIRECTANGULAR-10-2048x1024.png
  artifactKey: Guid(b297038aa4b324a49825dca9857ec0b6) Importer(815301076,1909f56bfc062723c751e8b465ee728b)
Start importing Assets/Textures/Fungal-EQUIRECTANGULAR-10-2048x1024.png using Guid(b297038aa4b324a49825dca9857ec0b6) Importer(815301076,1909f56bfc062723c751e8b465ee728b)  -> (artifact id: '2f1d89426f645883ece67e1de2b3ebf6') in 0.013250 seconds
Number of updated asset objects reloaded before import = 0
Number of asset objects unloaded after import = 2
========================================================================
Received Import Request.
  Time since last request: 0.000013 seconds.
  path: Assets/Textures/Alpine-EQUIRECTANGULAR-9-2048x1024.png
  artifactKey: Guid(18a07ea637e9dee44abf662d7e47cdbc) Importer(815301076,1909f56bfc062723c751e8b465ee728b)
Start importing Assets/Textures/Alpine-EQUIRECTANGULAR-9-2048x1024.png using Guid(18a07ea637e9dee44abf662d7e47cdbc) Importer(815301076,1909f56bfc062723c751e8b465ee728b)  -> (artifact id: 'f2e916b6774df735cd89bcedcb542658') in 0.013318 seconds
Number of updated asset objects reloaded before import = 0
Number of asset objects unloaded after import = 2
========================================================================
Received Prepare
Begin MonoManager ReloadAssembly
- Loaded All Assemblies, in  0.256 seconds
Refreshing native plugins compatible for Editor in 1.07 ms, found 1 plugins.
Native extension for WindowsStandalone target not found
Native extension for WebGL target not found
Mono: successfully reloaded assembly
- Finished resetting the current domain, in  0.487 seconds
Domain Reload Profiling: 742ms
	BeginReloadAssembly (117ms)
		ExecutionOrderSort (0ms)
		DisableScriptedObjects (3ms)
		BackupInstance (0ms)
		ReleaseScriptingObjects (0ms)
		CreateAndSetChildDomain (22ms)
	RebuildCommonClasses (21ms)
	RebuildNativeTypeToScriptingClass (6ms)
	initialDomainReloadingComplete (14ms)
	LoadAllAssembliesAndSetupDomain (98ms)
		LoadAssemblies (156ms)
		RebuildTransferFunctionScriptingTraits (0ms)
		AnalyzeDomain (10ms)
			TypeCache.Refresh (3ms)
				TypeCache.ScanAssembly (0ms)
			ScanForSourceGeneratedMonoScriptInfo (4ms)
			ResolveRequiredComponents (2ms)
	FinalizeReload (487ms)
		ReleaseScriptCaches (0ms)
		RebuildScriptCaches (0ms)
		SetupLoadedEditorAssemblies (166ms)
			LogAssemblyErrors (0ms)
			InitializePlatformSupportModulesInManaged (4ms)
			SetLoadedEditorAssemblies (2ms)
			RefreshPlugins (0ms)
			BeforeProcessingInitializeOnLoad (34ms)
			ProcessInitializeOnLoadAttributes (112ms)
			ProcessInitializeOnLoadMethodAttributes (12ms)
			AfterProcessingInitializeOnLoad (1ms)
			EditorAssembliesLoaded (0ms)
		ExecutionOrderSort2 (0ms)
		AwakeInstancesAfterBackupRestoration (4ms)
Refreshing native plugins compatible for Editor in 1.10 ms, found 1 plugins.
Preloading 0 native plugins for Editor in 0.00 ms.
Unloading 2770 Unused Serialized files (Serialized files now loaded: 0)
Unloading 15 unused Assets / (28.0 KB). Loaded Objects now: 3262.
Memory consumption went from 115.8 MB to 115.7 MB.
Total: 1.643500 ms (FindLiveObjects: 0.150900 ms CreateObjectMapping: 0.088500 ms MarkObjects: 1.373400 ms  DeleteObjects: 0.030100 ms)

Prepare: number of updated asset objects reloaded= 2
AssetImportParameters requested are different than current active one (requested -> active):
  custom:video-decoder-webm-vp8: 9c59270c3fd7afecdb556c50c9e8de78 -> 
  custom:SearchIndexIgnoredProperties: e643bd26f0fe6173181afceb89e7c659 -> 
  custom:container-demuxer-ogg: 62fdf1f143b41e24485cea50d1cbac27 -> 
  custom:AudioImporter_EditorPlatform: d09bf68614088b80899f8185d706f6e7 -> 
  custom:scripting/monoscript/fileName/PlanetNoisePerlin.cs: 63b2d1fd20d4f6f2dce3d2de417fbdca -> 24db1249a92a4cd2fb709463f847f62d
  custom:scripting/monoscript/fileName/PlanetComponentEditor.cs: a0af17f3965439918530443cfde9dd0c -> bc0982797d5ada969d2e66fda954968f
  custom:video-decoder-ogg-theora: a1e56fd34408186e4bbccfd4996cb3dc -> 
  custom:framework-win-MediaFoundation: 216162199b28c13a410421893ffa2e32 -> 
  custom:scripting/monoscript/fileName/PlanetNoiseWorley.cs: c3edd77ec6de636eec56ced8ca2a0060 -> db9e9be48a783f29e4cb0a3aebb0d175
  custom:scripting/monoscript/fileName/PlanetNoiseGenerator.cs: 5da8aa7e08b4b44a488e7dc61d819b3d -> f777012fc65df1db87db1d69fe802085
  custom:video-encoder-webm-vp8: eb34c28f22e8b96e1ab97ce403110664 -> 
  custom:audio-decoder-ogg-vorbis: bf7c407c2cedff20999df2af8eb42d56 -> 
  custom:CustomObjectIndexerAttribute: 6d391050e5a25f67b0a2c618074f2cd9 -> 
  custom:container-demuxer-webm: 4f35f7cbe854078d1ac9338744f61a02 -> 
  custom:scripting/monoscript/fileName/PlanetAsset.cs: 1ff77bbb4410f98e256beaffc13ed05f -> 174d32e379ac82ba7ff23eab39d28153
  custom:audio-encoder-webm-vorbis: bf7c407c2cedff20999df2af8eb42d56 -> 
  custom:scripting/monoscript/fileName/PlanetPreviewWindow.cs: eb0498aff96ed0947180aa7407ed7c98 -> b238a405e94a0d6d5c8da30abc7f03de
  custom:scripting/monoscript/fileName/PlanetTextureGenerator.cs: ffcd99e6f3a6a90b182f51e550cc8b89 -> 62c842717db7bf3525bbc417a7dcf75b
  custom:container-muxer-webm: aa71ff27fc2769a1b78a27578f13a17b -> 
Editor requested this worker to shutdown with reason: Scaling down because of idle timeout
TcpMessagingSession - receive error: operation aborted. errorcode: 995, details: L’opération d’entrée/sortie a été abandonnée en raison de l’arrêt d’un thread ou à la demande d’une application.
AssetImportWorker is now disconnected from the server
Process exiting
Exiting without the bug reporter. Application will terminate with return code 0