Using pre-set license
Built from '2022.3/release' branch; Version is '2022.3.20f1 (61c2feb0970d) revision 6406910'; Using compiler version '192829333'; Build Type 'Release'
OS: 'Windows 10  (10.0.19045) 64bit Professional' Language: 'fr' Physical Memory: 31934 MB
BatchMode: 1, IsHumanControllingUs: 0, StartBugReporterOnCrash: 0, Is64bit: 1, IsPro: 1

COMMAND LINE ARGUMENTS:
G:\JEUX\unity\2022.3.20f1\Editor\Unity.exe
-adb2
-batchMode
-noUpm
-name
AssetImportWorker2
-projectPath
G:/JEUX/unity/projets/CarteSpaciale
-logFile
Logs/AssetImportWorker2.log
-srvPort
62650
Successfully changed project path to: G:/JEUX/unity/projets/CarteSpaciale
G:/JEUX/unity/projets/CarteSpaciale
[UnityMemory] Configuration Parameters - Can be set up in boot.config
    "memorysetup-bucket-allocator-granularity=16"
    "memorysetup-bucket-allocator-bucket-count=8"
    "memorysetup-bucket-allocator-block-size=33554432"
    "memorysetup-bucket-allocator-block-count=8"
    "memorysetup-main-allocator-block-size=16777216"
    "memorysetup-thread-allocator-block-size=16777216"
    "memorysetup-gfx-main-allocator-block-size=16777216"
    "memorysetup-gfx-thread-allocator-block-size=16777216"
    "memorysetup-cache-allocator-block-size=4194304"
    "memorysetup-typetree-allocator-block-size=2097152"
    "memorysetup-profiler-bucket-allocator-granularity=16"
    "memorysetup-profiler-bucket-allocator-bucket-count=8"
    "memorysetup-profiler-bucket-allocator-block-size=33554432"
    "memorysetup-profiler-bucket-allocator-block-count=8"
    "memorysetup-profiler-allocator-block-size=16777216"
    "memorysetup-profiler-editor-allocator-block-size=1048576"
    "memorysetup-temp-allocator-size-main=16777216"
    "memorysetup-job-temp-allocator-block-size=2097152"
    "memorysetup-job-temp-allocator-block-size-background=1048576"
    "memorysetup-job-temp-allocator-reduction-small-platforms=262144"
    "memorysetup-allocator-temp-initial-block-size-main=262144"
    "memorysetup-allocator-temp-initial-block-size-worker=262144"
    "memorysetup-temp-allocator-size-background-worker=32768"
    "memorysetup-temp-allocator-size-job-worker=262144"
    "memorysetup-temp-allocator-size-preload-manager=33554432"
    "memorysetup-temp-allocator-size-nav-mesh-worker=65536"
    "memorysetup-temp-allocator-size-audio-worker=65536"
    "memorysetup-temp-allocator-size-cloud-worker=32768"
    "memorysetup-temp-allocator-size-gi-baking-worker=262144"
    "memorysetup-temp-allocator-size-gfx=262144"
Player connection [29612] Host "[IP] 192.168.1.121 [Port] 0 [Flags] 2 [Guid] 811744689 [EditorId] 811744689 [Version] 1048832 [Id] WindowsEditor(7,DESKTOP-HIACNLD) [Debug] 1 [PackageName] WindowsEditor [ProjectName] Editor" joined multi-casting on [225.0.0.222:54997]...

Player connection [29612] Host "[IP] 192.168.1.121 [Port] 0 [Flags] 2 [Guid] 811744689 [EditorId] 811744689 [Version] 1048832 [Id] WindowsEditor(7,DESKTOP-HIACNLD) [Debug] 1 [PackageName] WindowsEditor [ProjectName] Editor" joined alternative multi-casting on [225.0.0.222:34997]...

[Physics::Module] Initialized MultithreadedJobDispatcher with 11 workers.
Refreshing native plugins compatible for Editor in 3.09 ms, found 1 plugins.
Preloading 0 native plugins for Editor in 0.00 ms.
Initialize engine version: 2022.3.20f1 (61c2feb0970d)
[Subsystems] Discovering subsystems at path G:/JEUX/unity/2022.3.20f1/Editor/Data/Resources/UnitySubsystems
[Subsystems] Discovering subsystems at path G:/JEUX/unity/projets/CarteSpaciale/Assets
GfxDevice: creating device client; threaded=0; jobified=0
Direct3D:
    Version:  Direct3D 11.0 [level 11.1]
    Renderer: AMD Radeon RX 7900 GRE (ID=0x744c)
    Vendor:   ATI
    VRAM:     16319 MB
    Driver:   32.0.11027.2001
Initialize mono
Mono path[0] = 'G:/JEUX/unity/2022.3.20f1/Editor/Data/Managed'
Mono path[1] = 'G:/JEUX/unity/2022.3.20f1/Editor/Data/MonoBleedingEdge/lib/mono/unityjit-win32'
Mono config path = 'G:/JEUX/unity/2022.3.20f1/Editor/Data/MonoBleedingEdge/etc'
Using monoOptions --debugger-agent=transport=dt_socket,embedding=1,server=y,suspend=n,address=127.0.0.1:56732
Begin MonoManager ReloadAssembly
Registering precompiled unity dll's ...
Register platform support module: G:/JEUX/unity/2022.3.20f1/Editor/Data/PlaybackEngines/WebGLSupport/UnityEditor.WebGL.Extensions.dll
Register platform support module: G:/JEUX/unity/2022.3.20f1/Editor/Data/PlaybackEngines/WindowsStandaloneSupport/UnityEditor.WindowsStandalone.Extensions.dll
Registered in 0.003510 seconds.
- Loaded All Assemblies, in  0.198 seconds
Native extension for WindowsStandalone target not found
Native extension for WebGL target not found
Mono: successfully reloaded assembly
- Finished resetting the current domain, in  0.147 seconds
Domain Reload Profiling: 345ms
	BeginReloadAssembly (67ms)
		ExecutionOrderSort (0ms)
		DisableScriptedObjects (0ms)
		BackupInstance (0ms)
		ReleaseScriptingObjects (0ms)
		CreateAndSetChildDomain (0ms)
	RebuildCommonClasses (19ms)
	RebuildNativeTypeToScriptingClass (6ms)
	initialDomainReloadingComplete (28ms)
	LoadAllAssembliesAndSetupDomain (78ms)
		LoadAssemblies (67ms)
		RebuildTransferFunctionScriptingTraits (0ms)
		AnalyzeDomain (77ms)
			TypeCache.Refresh (76ms)
				TypeCache.ScanAssembly (68ms)
			ScanForSourceGeneratedMonoScriptInfo (0ms)
			ResolveRequiredComponents (0ms)
	FinalizeReload (147ms)
		ReleaseScriptCaches (0ms)
		RebuildScriptCaches (0ms)
		SetupLoadedEditorAssemblies (114ms)
			LogAssemblyErrors (0ms)
			InitializePlatformSupportModulesInManaged (5ms)
			SetLoadedEditorAssemblies (3ms)
			RefreshPlugins (0ms)
			BeforeProcessingInitializeOnLoad (1ms)
			ProcessInitializeOnLoadAttributes (78ms)
			ProcessInitializeOnLoadMethodAttributes (27ms)
			AfterProcessingInitializeOnLoad (0ms)
			EditorAssembliesLoaded (0ms)
		ExecutionOrderSort2 (0ms)
		AwakeInstancesAfterBackupRestoration (0ms)
========================================================================
Worker process is ready to serve import requests
Begin MonoManager ReloadAssembly
- Loaded All Assemblies, in  0.289 seconds
Refreshing native plugins compatible for Editor in 1.14 ms, found 1 plugins.
Native extension for WindowsStandalone target not found
Native extension for WebGL target not found
Mono: successfully reloaded assembly
- Finished resetting the current domain, in  0.220 seconds
Domain Reload Profiling: 510ms
	BeginReloadAssembly (92ms)
		ExecutionOrderSort (0ms)
		DisableScriptedObjects (3ms)
		BackupInstance (0ms)
		ReleaseScriptingObjects (0ms)
		CreateAndSetChildDomain (15ms)
	RebuildCommonClasses (19ms)
	RebuildNativeTypeToScriptingClass (6ms)
	initialDomainReloadingComplete (20ms)
	LoadAllAssembliesAndSetupDomain (152ms)
		LoadAssemblies (139ms)
		RebuildTransferFunctionScriptingTraits (0ms)
		AnalyzeDomain (68ms)
			TypeCache.Refresh (58ms)
				TypeCache.ScanAssembly (52ms)
			ScanForSourceGeneratedMonoScriptInfo (7ms)
			ResolveRequiredComponents (2ms)
	FinalizeReload (221ms)
		ReleaseScriptCaches (0ms)
		RebuildScriptCaches (0ms)
		SetupLoadedEditorAssemblies (143ms)
			LogAssemblyErrors (0ms)
			InitializePlatformSupportModulesInManaged (3ms)
			SetLoadedEditorAssemblies (2ms)
			RefreshPlugins (0ms)
			BeforeProcessingInitializeOnLoad (28ms)
			ProcessInitializeOnLoadAttributes (97ms)
			ProcessInitializeOnLoadMethodAttributes (11ms)
			AfterProcessingInitializeOnLoad (2ms)
			EditorAssembliesLoaded (0ms)
		ExecutionOrderSort2 (0ms)
		AwakeInstancesAfterBackupRestoration (4ms)
Launched and connected shader compiler UnityShaderCompiler.exe after 0.03 seconds
Refreshing native plugins compatible for Editor in 1.05 ms, found 1 plugins.
Preloading 0 native plugins for Editor in 0.00 ms.
Unloading 2789 Unused Serialized files (Serialized files now loaded: 0)
Unloading 24 unused Assets / (164.7 KB). Loaded Objects now: 3257.
Memory consumption went from 115.8 MB to 115.6 MB.
Total: 1.894000 ms (FindLiveObjects: 0.169400 ms CreateObjectMapping: 0.043700 ms MarkObjects: 1.593800 ms  DeleteObjects: 0.086600 ms)

AssetImportParameters requested are different than current active one (requested -> active):
  custom:video-decoder-webm-vp8: 9c59270c3fd7afecdb556c50c9e8de78 -> 
  custom:SearchIndexIgnoredProperties: e643bd26f0fe6173181afceb89e7c659 -> 
  custom:container-demuxer-ogg: 62fdf1f143b41e24485cea50d1cbac27 -> 
  custom:AudioImporter_EditorPlatform: d09bf68614088b80899f8185d706f6e7 -> 
  custom:video-decoder-ogg-theora: a1e56fd34408186e4bbccfd4996cb3dc -> 
  custom:framework-win-MediaFoundation: 216162199b28c13a410421893ffa2e32 -> 
  custom:video-encoder-webm-vp8: eb34c28f22e8b96e1ab97ce403110664 -> 
  custom:audio-decoder-ogg-vorbis: bf7c407c2cedff20999df2af8eb42d56 -> 
  custom:CustomObjectIndexerAttribute: 6d391050e5a25f67b0a2c618074f2cd9 -> 
  custom:container-demuxer-webm: 4f35f7cbe854078d1ac9338744f61a02 -> 
  custom:audio-encoder-webm-vorbis: bf7c407c2cedff20999df2af8eb42d56 -> 
  custom:container-muxer-webm: aa71ff27fc2769a1b78a27578f13a17b -> 
========================================================================
Received Import Request.
  Time since last request: 166526.715076 seconds.
  path: Assets/Textures
  artifactKey: Guid(46b3cb976e56e034581911a32d86f2d8) Importer(815301076,1909f56bfc062723c751e8b465ee728b)
Start importing Assets/Textures using Guid(46b3cb976e56e034581911a32d86f2d8) Importer(815301076,1909f56bfc062723c751e8b465ee728b)  -> (artifact id: '2faf4acbc856c1a171f3f90959a76c17') in 0.002633 seconds
Number of updated asset objects reloaded before import = 0
Number of asset objects unloaded after import = 0
========================================================================
Received Prepare
Begin MonoManager ReloadAssembly
- Loaded All Assemblies, in  0.244 seconds
Refreshing native plugins compatible for Editor in 1.36 ms, found 1 plugins.
Native extension for WindowsStandalone target not found
Native extension for WebGL target not found
Mono: successfully reloaded assembly
- Finished resetting the current domain, in  0.441 seconds
Domain Reload Profiling: 685ms
	BeginReloadAssembly (112ms)
		ExecutionOrderSort (0ms)
		DisableScriptedObjects (3ms)
		BackupInstance (0ms)
		ReleaseScriptingObjects (0ms)
		CreateAndSetChildDomain (22ms)
	RebuildCommonClasses (18ms)
	RebuildNativeTypeToScriptingClass (6ms)
	initialDomainReloadingComplete (14ms)
	LoadAllAssembliesAndSetupDomain (93ms)
		LoadAssemblies (146ms)
		RebuildTransferFunctionScriptingTraits (0ms)
		AnalyzeDomain (11ms)
			TypeCache.Refresh (4ms)
				TypeCache.ScanAssembly (0ms)
			ScanForSourceGeneratedMonoScriptInfo (4ms)
			ResolveRequiredComponents (2ms)
	FinalizeReload (441ms)
		ReleaseScriptCaches (0ms)
		RebuildScriptCaches (0ms)
		SetupLoadedEditorAssemblies (157ms)
			LogAssemblyErrors (0ms)
			InitializePlatformSupportModulesInManaged (4ms)
			SetLoadedEditorAssemblies (3ms)
			RefreshPlugins (0ms)
			BeforeProcessingInitializeOnLoad (32ms)
			ProcessInitializeOnLoadAttributes (102ms)
			ProcessInitializeOnLoadMethodAttributes (14ms)
			AfterProcessingInitializeOnLoad (2ms)
			EditorAssembliesLoaded (0ms)
		ExecutionOrderSort2 (0ms)
		AwakeInstancesAfterBackupRestoration (5ms)
Refreshing native plugins compatible for Editor in 0.97 ms, found 1 plugins.
Preloading 0 native plugins for Editor in 0.00 ms.
Unloading 2779 Unused Serialized files (Serialized files now loaded: 0)
Unloading 15 unused Assets / (136.4 KB). Loaded Objects now: 3260.
Memory consumption went from 116.1 MB to 116.0 MB.
Total: 1.707000 ms (FindLiveObjects: 0.174100 ms CreateObjectMapping: 0.044100 ms MarkObjects: 1.440400 ms  DeleteObjects: 0.047800 ms)

Prepare: number of updated asset objects reloaded= 0
AssetImportParameters requested are different than current active one (requested -> active):
  custom:video-decoder-webm-vp8: 9c59270c3fd7afecdb556c50c9e8de78 -> 
  custom:SearchIndexIgnoredProperties: e643bd26f0fe6173181afceb89e7c659 -> 
  custom:container-demuxer-ogg: 62fdf1f143b41e24485cea50d1cbac27 -> 
  custom:AudioImporter_EditorPlatform: d09bf68614088b80899f8185d706f6e7 -> 
  custom:video-decoder-ogg-theora: a1e56fd34408186e4bbccfd4996cb3dc -> 
  custom:framework-win-MediaFoundation: 216162199b28c13a410421893ffa2e32 -> 
  custom:video-encoder-webm-vp8: eb34c28f22e8b96e1ab97ce403110664 -> 
  custom:audio-decoder-ogg-vorbis: bf7c407c2cedff20999df2af8eb42d56 -> 
  custom:CustomObjectIndexerAttribute: 6d391050e5a25f67b0a2c618074f2cd9 -> 
  custom:container-demuxer-webm: 4f35f7cbe854078d1ac9338744f61a02 -> 
  custom:audio-encoder-webm-vorbis: bf7c407c2cedff20999df2af8eb42d56 -> 
  custom:container-muxer-webm: aa71ff27fc2769a1b78a27578f13a17b -> 
========================================================================
Received Import Request.
  Time since last request: 60.425707 seconds.
  path: Assets/Materials/GroundMap.mat
  artifactKey: Guid(a4b6731f1c01f6244b150bb5f77a20f6) Importer(815301076,1909f56bfc062723c751e8b465ee728b)
Start importing Assets/Materials/GroundMap.mat using Guid(a4b6731f1c01f6244b150bb5f77a20f6) Importer(815301076,1909f56bfc062723c751e8b465ee728b)  -> (artifact id: 'd286a50d57e1d39982bcc9c32c233884') in 0.080958 seconds
Number of updated asset objects reloaded before import = 0
Number of asset objects unloaded after import = 2
========================================================================
Received Import Request.
  Time since last request: 111.862062 seconds.
  path: Assets/New PlanetAsset.asset
  artifactKey: Guid(ba5e39225d6357b4ab05dfac32611fbf) Importer(815301076,1909f56bfc062723c751e8b465ee728b)
Start importing Assets/New PlanetAsset.asset using Guid(ba5e39225d6357b4ab05dfac32611fbf) Importer(815301076,1909f56bfc062723c751e8b465ee728b)  -> (artifact id: '9abe02786747196dbf4571d0d6dca609') in 0.001326 seconds
Number of updated asset objects reloaded before import = 0
Number of asset objects unloaded after import = 1
========================================================================
Received Import Request.
  Time since last request: 0.000009 seconds.
  path: Assets/New PlanetAsset 2.asset
  artifactKey: Guid(415bc400aba897b42ac9ad61f9a55d93) Importer(815301076,1909f56bfc062723c751e8b465ee728b)
Start importing Assets/New PlanetAsset 2.asset using Guid(415bc400aba897b42ac9ad61f9a55d93) Importer(815301076,1909f56bfc062723c751e8b465ee728b)  -> (artifact id: '819ff9406583471d4a2776d57dde58e2') in 0.000388 seconds
Number of updated asset objects reloaded before import = 0
Number of asset objects unloaded after import = 1
========================================================================
Received Import Request.
  Time since last request: 7.210571 seconds.
  path: Assets/CloudMap.png
  artifactKey: Guid(1a0760856802dd44488ac26297555a88) Importer(815301076,1909f56bfc062723c751e8b465ee728b)
Start importing Assets/CloudMap.png using Guid(1a0760856802dd44488ac26297555a88) Importer(815301076,1909f56bfc062723c751e8b465ee728b)  -> (artifact id: 'd1c19c5a8d3478e3b877dfe66a508aee') in 0.022453 seconds
Number of updated asset objects reloaded before import = 0
Number of asset objects unloaded after import = 2
========================================================================
Received Import Request.
  Time since last request: 0.000015 seconds.
  path: Assets/IlluminationMap.png
  artifactKey: Guid(0511c8af9f34fd14ea808bc6f223ebe2) Importer(815301076,1909f56bfc062723c751e8b465ee728b)
Start importing Assets/IlluminationMap.png using Guid(0511c8af9f34fd14ea808bc6f223ebe2) Importer(815301076,1909f56bfc062723c751e8b465ee728b)  -> (artifact id: '1121fac48aef28ade5e763ec0fe91180') in 0.016466 seconds
Number of updated asset objects reloaded before import = 0
Number of asset objects unloaded after import = 2
========================================================================
Received Import Request.
  Time since last request: 0.000111 seconds.
  path: Assets/NormalMap.png
  artifactKey: Guid(bd159fd24baa94b4d9dbb9ae9dee484c) Importer(815301076,1909f56bfc062723c751e8b465ee728b)
Start importing Assets/NormalMap.png using Guid(bd159fd24baa94b4d9dbb9ae9dee484c) Importer(815301076,1909f56bfc062723c751e8b465ee728b)  -> (artifact id: 'd8ed0177502e978324d1d993133007f3') in 0.016472 seconds
Number of updated asset objects reloaded before import = 0
Number of asset objects unloaded after import = 2
========================================================================
Received Import Request.
  Time since last request: 88.668869 seconds.
  path: Assets/GroundMap.png
  artifactKey: Guid(3d91ef3800c455844b104fbae3099aba) Importer(815301076,1909f56bfc062723c751e8b465ee728b)
Start importing Assets/GroundMap.png using Guid(3d91ef3800c455844b104fbae3099aba) Importer(815301076,1909f56bfc062723c751e8b465ee728b)  -> (artifact id: 'ed84ec137fefa85456461674ae223885') in 0.011245 seconds
Number of updated asset objects reloaded before import = 0
Number of asset objects unloaded after import = 2
========================================================================
Received Import Request.
  Time since last request: 0.000010 seconds.
  path: Assets/NormalMap.png
  artifactKey: Guid(bd159fd24baa94b4d9dbb9ae9dee484c) Importer(815301076,1909f56bfc062723c751e8b465ee728b)
Start importing Assets/NormalMap.png using Guid(bd159fd24baa94b4d9dbb9ae9dee484c) Importer(815301076,1909f56bfc062723c751e8b465ee728b)  -> (artifact id: '8f55f679bae417bef95ecffacfbfcda9') in 0.012610 seconds
Number of updated asset objects reloaded before import = 0
Number of asset objects unloaded after import = 2
========================================================================
Received Import Request.
  Time since last request: 24.580125 seconds.
  path: Assets/GroundMap.png
  artifactKey: Guid(3d91ef3800c455844b104fbae3099aba) Importer(815301076,1909f56bfc062723c751e8b465ee728b)
Start importing Assets/GroundMap.png using Guid(3d91ef3800c455844b104fbae3099aba) Importer(815301076,1909f56bfc062723c751e8b465ee728b)  -> (artifact id: '263a4d008e1f06e1fd607664df36e4f0') in 0.012115 seconds
Number of updated asset objects reloaded before import = 0
Number of asset objects unloaded after import = 2
========================================================================
Received Import Request.
  Time since last request: 25.641142 seconds.
  path: Assets/CloudMap 1.png
  artifactKey: Guid(133a0ae09e2b6ab409803132a332db25) Importer(815301076,1909f56bfc062723c751e8b465ee728b)
Start importing Assets/CloudMap 1.png using Guid(133a0ae09e2b6ab409803132a332db25) Importer(815301076,1909f56bfc062723c751e8b465ee728b)  -> (artifact id: '40c70bb822c1439a6615040cfa52e0b1') in 0.014286 seconds
Number of updated asset objects reloaded before import = 0
Number of asset objects unloaded after import = 2
========================================================================
Received Import Request.
  Time since last request: 55.383300 seconds.
  path: Assets/Textures/CloudNormalMap.png
  artifactKey: Guid(f0551a2302e86cf4980e09df03cc620c) Importer(815301076,1909f56bfc062723c751e8b465ee728b)
Start importing Assets/Textures/CloudNormalMap.png using Guid(f0551a2302e86cf4980e09df03cc620c) Importer(815301076,1909f56bfc062723c751e8b465ee728b)  -> (artifact id: '5e8dfff0036a0973a07a8e4f9beff2fb') in 0.011842 seconds
Number of updated asset objects reloaded before import = 0
Number of asset objects unloaded after import = 2
========================================================================
Received Import Request.
  Time since last request: 0.000013 seconds.
  path: Assets/Textures/IlluminationMap.png
  artifactKey: Guid(2e123cd4a64dc3e4a8a79a21022b0cf5) Importer(815301076,1909f56bfc062723c751e8b465ee728b)
Start importing Assets/Textures/IlluminationMap.png using Guid(2e123cd4a64dc3e4a8a79a21022b0cf5) Importer(815301076,1909f56bfc062723c751e8b465ee728b)  -> (artifact id: '3be49f42fe3db80a1e04a76725469e06') in 0.005467 seconds
Number of updated asset objects reloaded before import = 0
Number of asset objects unloaded after import = 2
Editor requested this worker to shutdown with reason: Scaling down because of idle timeout
TcpMessagingSession - receive error: operation aborted. errorcode: 995, details: L’opération d’entrée/sortie a été abandonnée en raison de l’arrêt d’un thread ou à la demande d’une application.
AssetImportWorker is now disconnected from the server
Process exiting
Exiting without the bug reporter. Application will terminate with return code 0